[2016-09-15 13:36:03] eccube.INFO: Matched route "admin_homepage". {"route_parameters":{"_controller":"\\Eccube\\Controller\\Admin\\AdminController::index","_route":"admin_homepage"},"request_uri":"http://localhost:8888/eccube-3.0.10/html/admin/"} []
[2016-09-15 13:36:03] eccube.INFO: Populated the TokenStorage with an anonymous Token. [] []
[2016-09-15 13:36:03] eccube.INFO: Matched route "admin_login". {"route_parameters":{"_controller":"\\Eccube\\Controller\\Admin\\AdminController::login","_route":"admin_login"},"request_uri":"http://localhost:8888/eccube-3.0.10/html/admin/login"} []
[2016-09-15 13:36:04] eccube.INFO: < 401 [] []
[2016-09-15 13:38:14] eccube.INFO: Matched route "admin_login_check". {"route_parameters":{"_controller":null,"_route":"admin_login_check"},"request_uri":"http://localhost:8888/eccube-3.0.10/html/admin/login_check"} []
[2016-09-15 13:38:14] eccube.INFO: User has been authenticated successfully. {"username":"admin"} []
[2016-09-15 13:38:14] eccube.INFO: < 302 http://localhost:8888/eccube-3.0.10/html/admin/ [] []
[2016-09-15 13:38:14] eccube.INFO: Matched route "admin_homepage". {"route_parameters":{"_controller":"\\Eccube\\Controller\\Admin\\AdminController::index","_route":"admin_homepage"},"request_uri":"http://localhost:8888/eccube-3.0.10/html/admin/"} []
[2016-09-15 13:38:14] eccube.INFO: > GET /eccube-3.0.10/html/admin/ [] []
[2016-09-15 13:38:14] eccube.INFO: < 200 [] []
[2016-09-15 13:38:24] eccube.INFO: Matched route "homepage". {"route_parameters":{"_controller":"\\Eccube\\Controller\\TopController::index","_route":"homepage"},"request_uri":"http://localhost:8888/eccube-3.0.10/html/"} []
[2016-09-15 13:38:24] eccube.INFO: Populated the TokenStorage with an anonymous Token. [] []
[2016-09-15 13:38:24] eccube.INFO: > GET /eccube-3.0.10/html/ [] []
[2016-09-15 13:38:24] eccube.INFO: Matched route "block_cart". {"route_parameters":{"_controller":"\\Eccube\\Controller\\Block\\CartController::index","_route":"block_cart"},"request_uri":"http://localhost:8888/eccube-3.0.10/html/block/cart"} []
[2016-09-15 13:38:24] eccube.INFO: Matched route "block_search_product". {"route_parameters":{"_controller":"\\Eccube\\Controller\\Block\\SearchProductController::index","_route":"block_search_product"},"request_uri":"http://localhost:8888/eccube-3.0.10/html/block/search_product"} []
[2016-09-15 13:38:25] eccube.INFO: Matched route "block_login". {"route_parameters":{"_controller":"\\Eccube\\Controller\\Block\\LoginController::index","_route":"block_login"},"request_uri":"http://localhost:8888/eccube-3.0.10/html/block/login"} []
[2016-09-15 13:38:25] eccube.INFO: Matched route "block_category". {"route_parameters":{"_controller":"\\Eccube\\Controller\\Block\\CategoryController::index","_route":"block_category"},"request_uri":"http://localhost:8888/eccube-3.0.10/html/block/category"} []
[2016-09-15 13:38:25] eccube.INFO: Matched route "block_news". {"route_parameters":{"_controller":"\\Eccube\\Controller\\Block\\NewsController::index","_route":"block_news"},"request_uri":"http://localhost:8888/eccube-3.0.10/html/block/news"} []
[2016-09-15 13:38:25] eccube.INFO: < 200 [] []
[2016-09-15 13:48:48] eccube.INFO: Matched route "admin_setting_system_masterdata". {"route_parameters":{"_controller":"\\Eccube\\Controller\\Admin\\Setting\\System\\MasterdataController::index","_route":"admin_setting_system_masterdata"},"request_uri":"http://localhost:8888/eccube-3.0.10/html/admin/setting/system/masterdata"} []
[2016-09-15 13:48:48] eccube.INFO: > GET /eccube-3.0.10/html/admin/setting/system/masterdata [] []
[2016-09-15 13:48:48] eccube.INFO: < 200 [] []
[2016-09-15 13:49:08] eccube.INFO: Matched route "admin_setting_system_masterdata". {"route_parameters":{"_controller":"\\Eccube\\Controller\\Admin\\Setting\\System\\MasterdataController::index","_route":"admin_setting_system_masterdata"},"request_uri":"http://localhost:8888/eccube-3.0.10/html/admin/setting/system/masterdata"} []
[2016-09-15 13:49:09] eccube.INFO: > POST /eccube-3.0.10/html/admin/setting/system/masterdata [] []
[2016-09-15 13:49:09] eccube.INFO: < 200 [] []
[2016-09-15 13:49:17] eccube.INFO: Matched route "admin_setting_system_masterdata_edit". {"route_parameters":{"_controller":"\\Eccube\\Controller\\Admin\\Setting\\System\\MasterdataController::edit","_route":"admin_setting_system_masterdata_edit"},"request_uri":"http://localhost:8888/eccube-3.0.10/html/admin/setting/system/masterdata/edit"} []
[2016-09-15 13:49:17] eccube.INFO: > POST /eccube-3.0.10/html/admin/setting/system/masterdata/edit [] []
[2016-09-15 13:49:18] eccube.INFO: < 302 http://localhost:8888/eccube-3.0.10/html/admin/setting/system/masterdata [] []
[2016-09-15 13:49:18] eccube.INFO: Matched route "admin_setting_system_masterdata". {"route_parameters":{"_controller":"\\Eccube\\Controller\\Admin\\Setting\\System\\MasterdataController::index","_route":"admin_setting_system_masterdata"},"request_uri":"http://localhost:8888/eccube-3.0.10/html/admin/setting/system/masterdata"} []
[2016-09-15 13:49:18] eccube.INFO: > GET /eccube-3.0.10/html/admin/setting/system/masterdata [] []
[2016-09-15 13:49:18] eccube.INFO: < 200 [] []
[2016-09-15 13:55:42] eccube.INFO: Matched route "admin_login_check". {"route_parameters":{"_controller":null,"_route":"admin_login_check"},"request_uri":"http://localhost:8888/eccube-3.0.10/html/admin/login_check"} []
[2016-09-15 13:55:42] eccube.INFO: Authentication request failed. {"exception":"[object] (Symfony\\Component\\Security\\Core\\Exception\\InvalidCsrfTokenException(code: 0): Invalid CSRF token. at /Applications/MAMP/htdocs/eccube-3.0.10/vendor/symfony/security/Http/Firewall/UsernamePasswordFormAuthenticationListener.php:82)"} []
[2016-09-15 13:55:42] eccube.INFO: < 302 http://localhost:8888/eccube-3.0.10/html/admin/login [] []
[2016-09-15 13:55:42] eccube.INFO: Matched route "admin_login". {"route_parameters":{"_controller":"\\Eccube\\Controller\\Admin\\AdminController::login","_route":"admin_login"},"request_uri":"http://localhost:8888/eccube-3.0.10/html/admin/login"} []
[2016-09-15 13:55:42] eccube.INFO: Populated the TokenStorage with an anonymous Token. [] []
[2016-09-15 13:55:42] eccube.INFO: > GET /eccube-3.0.10/html/admin/login [] []
[2016-09-15 13:55:43] eccube.INFO: < 200 [] []
[2016-09-15 13:55:48] eccube.INFO: Matched route "admin_login_check". {"route_parameters":{"_controller":null,"_route":"admin_login_check"},"request_uri":"http://localhost:8888/eccube-3.0.10/html/admin/login_check"} []
[2016-09-15 13:55:48] eccube.INFO: Authentication request failed. {"exception":"[object] (Symfony\\Component\\Security\\Core\\Exception\\BadCredentialsException(code: 0): Bad credentials. at /Applications/MAMP/htdocs/eccube-3.0.10/vendor/symfony/security/Core/Authentication/Provider/UserAuthenticationProvider.php:90, Symfony\\Component\\Security\\Core\\Exception\\BadCredentialsException(code: 0): The presented password is invalid. at /Applications/MAMP/htdocs/eccube-3.0.10/vendor/symfony/security/Core/Authentication/Provider/DaoAuthenticationProvider.php:67)"} []
[2016-09-15 13:55:48] eccube.INFO: < 302 http://localhost:8888/eccube-3.0.10/html/admin/login [] []
[2016-09-15 13:55:48] eccube.INFO: Matched route "admin_login". {"route_parameters":{"_controller":"\\Eccube\\Controller\\Admin\\AdminController::login","_route":"admin_login"},"request_uri":"http://localhost:8888/eccube-3.0.10/html/admin/login"} []
[2016-09-15 13:55:48] eccube.INFO: Populated the TokenStorage with an anonymous Token. [] []
[2016-09-15 13:55:48] eccube.INFO: > GET /eccube-3.0.10/html/admin/login [] []
[2016-09-15 13:55:49] eccube.INFO: < 200 [] []
[2016-09-15 13:55:53] eccube.INFO: Matched route "homepage". {"route_parameters":{"_controller":"\\Eccube\\Controller\\TopController::index","_route":"homepage"},"request_uri":"http://localhost:8888/eccube-3.0.10/html/"} []
[2016-09-15 13:55:53] eccube.INFO: Populated the TokenStorage with an anonymous Token. [] []
[2016-09-15 13:55:53] eccube.INFO: > GET /eccube-3.0.10/html/ [] []
[2016-09-15 13:55:53] eccube.INFO: Matched route "block_cart". {"route_parameters":{"_controller":"\\Eccube\\Controller\\Block\\CartController::index","_route":"block_cart"},"request_uri":"http://localhost:8888/eccube-3.0.10/html/block/cart"} []
[2016-09-15 13:55:53] eccube.INFO: Matched route "block_search_product". {"route_parameters":{"_controller":"\\Eccube\\Controller\\Block\\SearchProductController::index","_route":"block_search_product"},"request_uri":"http://localhost:8888/eccube-3.0.10/html/block/search_product"} []
[2016-09-15 13:55:53] eccube.INFO: Matched route "block_login". {"route_parameters":{"_controller":"\\Eccube\\Controller\\Block\\LoginController::index","_route":"block_login"},"request_uri":"http://localhost:8888/eccube-3.0.10/html/block/login"} []
[2016-09-15 13:55:53] eccube.INFO: Matched route "block_category". {"route_parameters":{"_controller":"\\Eccube\\Controller\\Block\\CategoryController::index","_route":"block_category"},"request_uri":"http://localhost:8888/eccube-3.0.10/html/block/category"} []
[2016-09-15 13:55:53] eccube.INFO: Matched route "block_news". {"route_parameters":{"_controller":"\\Eccube\\Controller\\Block\\NewsController::index","_route":"block_news"},"request_uri":"http://localhost:8888/eccube-3.0.10/html/block/news"} []
[2016-09-15 13:55:53] eccube.INFO: < 200 [] []
[2016-09-15 13:55:58] eccube.INFO: Matched route "admin_homepage". {"route_parameters":{"_controller":"\\Eccube\\Controller\\Admin\\AdminController::index","_route":"admin_homepage"},"request_uri":"http://localhost:8888/eccube-3.0.10/html/admin/"} []
[2016-09-15 13:55:58] eccube.INFO: Populated the TokenStorage with an anonymous Token. [] []
[2016-09-15 13:55:58] eccube.INFO: Matched route "admin_login". {"route_parameters":{"_controller":"\\Eccube\\Controller\\Admin\\AdminController::login","_route":"admin_login"},"request_uri":"http://localhost:8888/eccube-3.0.10/html/admin/login"} []
[2016-09-15 13:55:58] eccube.INFO: < 401 [] []
[2016-09-15 13:56:03] eccube.INFO: Matched route "admin_login_check". {"route_parameters":{"_controller":null,"_route":"admin_login_check"},"request_uri":"http://localhost:8888/eccube-3.0.10/html/admin/login_check"} []
[2016-09-15 13:56:03] eccube.INFO: User has been authenticated successfully. {"username":"admin"} []
[2016-09-15 13:56:03] eccube.INFO: < 302 http://localhost:8888/eccube-3.0.10/html/admin/ [] []
[2016-09-15 13:56:04] eccube.INFO: Matched route "admin_homepage". {"route_parameters":{"_controller":"\\Eccube\\Controller\\Admin\\AdminController::index","_route":"admin_homepage"},"request_uri":"http://localhost:8888/eccube-3.0.10/html/admin/"} []
[2016-09-15 13:56:04] eccube.INFO: > GET /eccube-3.0.10/html/admin/ [] []
[2016-09-15 13:56:04] eccube.INFO: < 200 [] []
[2016-09-15 13:57:46] eccube.INFO: Matched route "homepage". {"route_parameters":{"_controller":"\\Eccube\\Controller\\TopController::index","_route":"homepage"},"request_uri":"http://localhost:8888/eccube-3.0.10/html/"} []
[2016-09-15 13:57:46] eccube.INFO: Populated the TokenStorage with an anonymous Token. [] []
[2016-09-15 13:57:46] eccube.INFO: > GET /eccube-3.0.10/html/ [] []
[2016-09-15 13:57:46] eccube.INFO: Matched route "block_cart". {"route_parameters":{"_controller":"\\Eccube\\Controller\\Block\\CartController::index","_route":"block_cart"},"request_uri":"http://localhost:8888/eccube-3.0.10/html/block/cart"} []
[2016-09-15 13:57:46] eccube.INFO: Matched route "block_search_product". {"route_parameters":{"_controller":"\\Eccube\\Controller\\Block\\SearchProductController::index","_route":"block_search_product"},"request_uri":"http://localhost:8888/eccube-3.0.10/html/block/search_product"} []
[2016-09-15 13:57:46] eccube.INFO: Matched route "block_login". {"route_parameters":{"_controller":"\\Eccube\\Controller\\Block\\LoginController::index","_route":"block_login"},"request_uri":"http://localhost:8888/eccube-3.0.10/html/block/login"} []
[2016-09-15 13:57:46] eccube.INFO: Matched route "block_category". {"route_parameters":{"_controller":"\\Eccube\\Controller\\Block\\CategoryController::index","_route":"block_category"},"request_uri":"http://localhost:8888/eccube-3.0.10/html/block/category"} []
[2016-09-15 13:57:46] eccube.INFO: Matched route "block_news". {"route_parameters":{"_controller":"\\Eccube\\Controller\\Block\\NewsController::index","_route":"block_news"},"request_uri":"http://localhost:8888/eccube-3.0.10/html/block/news"} []
[2016-09-15 13:57:46] eccube.INFO: < 200 [] []
[2016-09-15 13:57:49] eccube.INFO: Matched route "admin_homepage". {"route_parameters":{"_controller":"\\Eccube\\Controller\\Admin\\AdminController::index","_route":"admin_homepage"},"request_uri":"http://localhost:8888/eccube-3.0.10/html/admin/"} []
[2016-09-15 13:57:49] eccube.INFO: > GET /eccube-3.0.10/html/admin/ [] []
[2016-09-15 13:57:50] eccube.INFO: < 200 [] []
